<?xml version="1.0" encoding="UTF-8"?>
<testng-results ignored="0" total="1" passed="1" failed="0" skipped="0">
  <reporter-output>
  </reporter-output>
  <suite started-at="2023-02-18T16:29:58 WAT" name="Default suite" finished-at="2023-02-18T16:30:55 WAT" duration-ms="57157">
    <groups>
    </groups>
    <test started-at="2023-02-18T16:29:58 WAT" name="Default test" finished-at="2023-02-18T16:30:55 WAT" duration-ms="57157">
      <class name="fillForm">
        <test-method is-config="true" signature="configureAppium()[pri:0, instance:fillForm@306e95ec]" started-at="2023-02-18T16:29:58 WAT" name="configureAppium" finished-at="2023-02-18T16:30:09 WAT" duration-ms="11453" status="PASS">
          <reporter-output>
          </reporter-output>
        </test-method> <!-- configureAppium -->
        <test-method signature="fillFormData()[pri:0, instance:fillForm@306e95ec]" started-at="2023-02-18T16:30:09 WAT" name="fillFormData" finished-at="2023-02-18T16:30:52 WAT" duration-ms="43142" status="PASS">
          <reporter-output>
          </reporter-output>
        </test-method> <!-- fillFormData -->
        <test-method is-config="true" signature="tearDown()[pri:0, instance:fillForm@306e95ec]" started-at="2023-02-18T16:30:52 WAT" name="tearDown" finished-at="2023-02-18T16:30:55 WAT" duration-ms="2509" status="PASS">
          <reporter-output>
          </reporter-output>
        </test-method> <!-- tearDown -->
      </class> <!-- fillForm -->
    </test> <!-- Default test -->
  </suite> <!-- Default suite -->
</testng-results>
