<?xml version="1.0" encoding="UTF-8"?>
<testng-results ignored="0" total="1" passed="1" failed="0" skipped="0">
  <reporter-output>
  </reporter-output>
  <suite started-at="2023-02-26T19:59:57 WAT" name="Default suite" finished-at="2023-02-26T20:00:32 WAT" duration-ms="35718">
    <groups>
    </groups>
    <test started-at="2023-02-26T19:59:57 WAT" name="Default test" finished-at="2023-02-26T20:00:32 WAT" duration-ms="35718">
      <class name="add_2_items_2_Cart">
        <test-method is-config="true" signature="configureAppium()[pri:0, instance:add_2_items_2_Cart@52af26ee]" started-at="2023-02-26T19:59:57 WAT" name="configureAppium" finished-at="2023-02-26T20:00:04 WAT" duration-ms="7252" status="PASS">
          <reporter-output>
          </reporter-output>
        </test-method> <!-- configureAppium -->
        <test-method signature="fillFormData()[pri:0, instance:add_2_items_2_Cart@52af26ee]" started-at="2023-02-26T20:00:04 WAT" name="fillFormData" finished-at="2023-02-26T20:00:32 WAT" duration-ms="27726" status="PASS">
          <reporter-output>
          </reporter-output>
        </test-method> <!-- fillFormData -->
        <test-method is-config="true" signature="tearDown()[pri:0, instance:add_2_items_2_Cart@52af26ee]" started-at="2023-02-26T20:00:32 WAT" name="tearDown" finished-at="2023-02-26T20:00:32 WAT" duration-ms="707" status="PASS">
          <reporter-output>
          </reporter-output>
        </test-method> <!-- tearDown -->
      </class> <!-- add_2_items_2_Cart -->
    </test> <!-- Default test -->
  </suite> <!-- Default suite -->
</testng-results>
